_____________1________________
256 256
_____________2________________
266 246
_____________3________________
256 276
_____________4________________
286 286
_____________5________________
296 216
_____________6________________
276 226
_____________7________________
296 296
_____________8________________
306 246
_____________9________________
286 196
_____________10________________
326 186
_____________11________________
256 256
_____________12________________
216 296
_____________13________________
216 216
_____________14________________
186 326
_____________15________________
236 196
_____________16________________
316 216
_____________17________________
336 326
_____________18________________
346 306
_____________19________________
326 266
_____________20________________
256 256
_____________21________________
286 186
_____________22________________
236 246
_____________23________________
256 176
_____________24________________
346 326
_____________25________________
186 186
_____________26________________
226 296
_____________27________________
236 306
_____________28________________
246 266
_____________29________________
276 266
_____________30________________
306 306
_____________31________________
296 296
_____________32________________
346 166
_____________33________________
206 286
_____________34________________
276 236
_____________35________________
216 336
_____________36________________
326 226
_____________37________________
186 306
_____________38________________
196 166
_____________39________________
296 346
_____________40________________
176 346
_____________41________________
336 176
_____________42________________
316 336
_____________43________________
336 306
_____________44________________
236 346
_____________45________________
176 286
_____________46________________
236 226
_____________47________________
356 246
_____________48________________
316 256
_____________49________________
346 346
_____________50________________
346 156
_____________51________________
336 156
_____________52________________
266 156
_____________53________________
316 166
_____________54________________
166 336
_____________55________________
166 156
_____________56________________
246 356
_____________57________________
156 166
_____________58________________
366 146
_____________59________________
166 356
_____________60________________
256 146
